-------------------------------------------------------------------------------
Test set: com.training.epam.ticketservice.at.TestExecutor
-------------------------------------------------------------------------------
Tests run: 30, Failures: 1, Errors: 0, Skipped: 0, Time elapsed: 309.957 sec <<< FAILURE!
The admin can not create overlapping screenings in the same room(allows creating, deleting and listing screenings)  Time elapsed: 10.196 sec  <<< FAILURE!
java.lang.AssertionError: 
Expected: "There is an overlapping screening"
     but: was "Ticket service>Ticket service>There is an overlapping screening"
	at org.hamcrest.MatcherAssert.assertThat(MatcherAssert.java:20)
	at org.hamcrest.MatcherAssert.assertThat(MatcherAssert.java:8)
	at com.training.epam.ticketservice.at.GenericCliProcessStepDefs.theNextLineOfOutputContains(GenericCliProcessStepDefs.java:43)
	at ✽.the next line of the output is "There is an overlapping screening"(file:///home/caesar/Documents/suli/Java/epam-deik-java-dev/final/ticket-service-acceptance-tests/src/test/resources/features/screenings.feature:26)

