<?xml version="1.0" encoding="UTF-8" ?>
<testsuite tests="24" failures="0" name="com.training.epam.ticketservice.at.TestExecutor" time="236.163" errors="0" skipped="0">
  <properties>
[...]
</properties>
  <testcase classname="allow creating accounts and logging in" name="the admin account exists by default and can be logged in with the correct password" time="8.384"/>
  <testcase classname="allow creating accounts and logging in" name="the admin account can be signed out" time="9.135"/>
  <testcase classname="allow creating accounts and logging in" name="the admin account can not be logged in with incorrect password" time="8.77"/>
  <testcase classname="allow creating accounts and logging in" name="non-privileged accounts can be created and logged in with the correct password" time="8.489"/>
  <testcase classname="allow creating accounts and logging in" name="non-privileged accounts can not be logged in with the incorrect password" time="9.366"/>
  <testcase classname="allow creating accounts and logging in" name="non-privileged accounts can be signed out" time="9.079"/>
  <testcase classname="allows users to book tickets for screenings, and show booking history" name="an authenticated user can book a ticket for a screening" time="11.26"/>
  <testcase classname="allows users to book tickets for screenings, and show booking history" name="an authenticated user can not book a ticket if at least one of the seats is already taken" time="12.16"/>
  <testcase classname="allows creating movie descriptions" name="an admin user can create and list movies" time="10.974"/>
  <testcase classname="allows creating movie descriptions" name="an admin user can update a movie" time="9.661"/>
  <testcase classname="allows creating movie descriptions" name="an admin user can delete a movie" time="9.478"/>
  <testcase classname="allows creating movie descriptions" name="an unauthenticated user can list movies" time="9.254"/>
  <testcase classname="allows creating movie descriptions" name="an authenticated, non-privileged user can list movies" time="9.367"/>
  <testcase classname="allow creating, reading, updating and deleting rooms where the screenings will happen" name="an admin user can create and list rooms" time="9.15"/>
  <testcase classname="allow creating, reading, updating and deleting rooms where the screenings will happen" name="an admin user can update a room" time="9.336"/>
  <testcase classname="allow creating, reading, updating and deleting rooms where the screenings will happen" name="an admin user can delete a room" time="9.231"/>
  <testcase classname="allow creating, reading, updating and deleting rooms where the screenings will happen" name="an unauthenticated user can list rooms" time="9.411"/>
  <testcase classname="allow creating, reading, updating and deleting rooms where the screenings will happen" name="an authenticated, non-privileged user can list rooms" time="9.993"/>
  <testcase classname="allows creating, deleting and listing screenings" name="The admin user can create and query screenings" time="10.742"/>
  <testcase classname="allows creating, deleting and listing screenings" name="The admin can not create overlapping screenings in the same room" time="10.76"/>
  <testcase classname="allows creating, deleting and listing screenings" name="The admin can create overlapping screenings in different rooms" time="10.329"/>
  <testcase classname="allows creating, deleting and listing screenings" name="The admin can not create screenings during a 10 minute long breaks after another screening in the same room" time="10.484"/>
  <testcase classname="allows creating, deleting and listing screenings" name="The admin can create screenings even if there is a break after a screening in a different room" time="10.623"/>
  <testcase classname="allows creating, deleting and listing screenings" name="The admin user can delete screenings" time="10.727"/>
</testsuite>