<?xml version="1.0" encoding="UTF-8" ?>
<testsuite tests="30" failures="1" name="com.training.epam.ticketservice.at.TestExecutor" time="309.202" errors="0" skipped="0">
  <properties>
[...]
</properties>
  <testcase classname="allow creating accounts and logging in" name="the admin account exists by default and can be logged in with the correct password" time="8.347"/>
  <testcase classname="allow creating accounts and logging in" name="the admin account can be signed out" time="9.043"/>
  <testcase classname="allow creating accounts and logging in" name="the admin account can not be logged in with incorrect password" time="8.92"/>
  <testcase classname="allow creating accounts and logging in" name="non-privileged accounts can be created and logged in with the correct password" time="8.967"/>
  <testcase classname="allow creating accounts and logging in" name="non-privileged accounts can not be logged in with the incorrect password" time="8.971"/>
  <testcase classname="allow creating accounts and logging in" name="non-privileged accounts can be signed out" time="9.804"/>
  <testcase classname="allows users to book tickets for screenings, and show booking history" name="an authenticated user can book a ticket for a screening" time="11.928"/>
  <testcase classname="allows users to book tickets for screenings, and show booking history" name="an authenticated user can not book a ticket if at least one of the seats is already taken" time="12.659"/>
  <testcase classname="allows users to book tickets for screenings, and show booking history" name="the price of the ticket in the history should not change if pricing changes after the booking" time="13.174"/>
  <testcase classname="allows creating movie descriptions" name="an admin user can create and list movies" time="9.208"/>
  <testcase classname="allows creating movie descriptions" name="an admin user can update a movie" time="9.654"/>
  <testcase classname="allows creating movie descriptions" name="an admin user can delete a movie" time="9.033"/>
  <testcase classname="allows creating movie descriptions" name="an unauthenticated user can list movies" time="9.109"/>
  <testcase classname="allows creating movie descriptions" name="an authenticated, non-privileged user can list movies" time="9.971"/>
  <testcase classname="allows creating pricing components and assigning them to rooms, movies and screenings" name="a default per seat per screening price is defined to be 1500 HUF and is used in the calculation of the price of each seat" time="11.227"/>
  <testcase classname="allows creating pricing components and assigning them to rooms, movies and screenings" name="the admin user can change the default per seat per screening price" time="11.335"/>
  <testcase classname="allows creating pricing components and assigning them to rooms, movies and screenings" name="the admin user can create price component and assign it to a movie" time="11.861"/>
  <testcase classname="allows creating pricing components and assigning them to rooms, movies and screenings" name="the admin user can create price component and assign it to a room" time="12.132"/>
  <testcase classname="allows creating pricing components and assigning them to rooms, movies and screenings" name="the admin user can create price component and assign it to a screening" time="12.16"/>
  <testcase classname="allow creating, reading, updating and deleting rooms where the screenings will happen" name="an admin user can create and list rooms" time="8.66"/>
  <testcase classname="allow creating, reading, updating and deleting rooms where the screenings will happen" name="an admin user can update a room" time="9.619"/>
  <testcase classname="allow creating, reading, updating and deleting rooms where the screenings will happen" name="an admin user can delete a room" time="9.6"/>
  <testcase classname="allow creating, reading, updating and deleting rooms where the screenings will happen" name="an unauthenticated user can list rooms" time="9.744"/>
  <testcase classname="allow creating, reading, updating and deleting rooms where the screenings will happen" name="an authenticated, non-privileged user can list rooms" time="9.888"/>
  <testcase classname="allows creating, deleting and listing screenings" name="The admin user can create and query screenings" time="10.841"/>
  <testcase classname="allows creating, deleting and listing screenings" name="The admin can not create overlapping screenings in the same room" time="10.196">
    <failure message="
Expected: &quot;There is an overlapping screening&quot;
     but: was &quot;Ticket service&gt;Ticket service&gt;There is an overlapping screening&quot;" type="java.lang.AssertionError">java.lang.AssertionError: 
Expected: &quot;There is an overlapping screening&quot;
     but: was &quot;Ticket service&gt;Ticket service&gt;There is an overlapping screening&quot;
	at org.hamcrest.MatcherAssert.assertThat(MatcherAssert.java:20)
	at org.hamcrest.MatcherAssert.assertThat(MatcherAssert.java:8)
	at com.training.epam.ticketservice.at.GenericCliProcessStepDefs.theNextLineOfOutputContains(GenericCliProcessStepDefs.java:43)
	at ✽.the next line of the output is &quot;There is an overlapping screening&quot;(file:///home/caesar/Documents/suli/Java/epam-deik-java-dev/final/ticket-service-acceptance-tests/src/test/resources/features/screenings.feature:26)
</failure>
  </testcase>
  <testcase classname="allows creating, deleting and listing screenings" name="The admin can create overlapping screenings in different rooms" time="11.308"/>
  <testcase classname="allows creating, deleting and listing screenings" name="The admin can not create screenings during a 10 minute long breaks after another screening in the same room" time="10.471"/>
  <testcase classname="allows creating, deleting and listing screenings" name="The admin can create screenings even if there is a break after a screening in a different room" time="10.612"/>
  <testcase classname="allows creating, deleting and listing screenings" name="The admin user can delete screenings" time="10.76"/>
</testsuite>