<?xml version="1.0" encoding="UTF-8" ?>
<testsuite tests="30" failures="0" name="com.training.epam.ticketservice.at.TestExecutor" time="308.198" errors="0" skipped="0">
  <properties>
[...]
</properties>
  <testcase classname="allow creating accounts and logging in" name="the admin account exists by default and can be logged in with the correct password" time="9.048"/>
  <testcase classname="allow creating accounts and logging in" name="the admin account can be signed out" time="8.824"/>
  <testcase classname="allow creating accounts and logging in" name="the admin account can not be logged in with incorrect password" time="8.707"/>
  <testcase classname="allow creating accounts and logging in" name="non-privileged accounts can be created and logged in with the correct password" time="9.064"/>
  <testcase classname="allow creating accounts and logging in" name="non-privileged accounts can not be logged in with the incorrect password" time="8.879"/>
  <testcase classname="allow creating accounts and logging in" name="non-privileged accounts can be signed out" time="9.299"/>
  <testcase classname="allows users to book tickets for screenings, and show booking history" name="an authenticated user can book a ticket for a screening" time="11.614"/>
  <testcase classname="allows users to book tickets for screenings, and show booking history" name="an authenticated user can not book a ticket if at least one of the seats is already taken" time="12.376"/>
  <testcase classname="allows users to book tickets for screenings, and show booking history" name="the price of the ticket in the history should not change if pricing changes after the booking" time="12.756"/>
  <testcase classname="allows creating movie descriptions" name="an admin user can create and list movies" time="9.235"/>
  <testcase classname="allows creating movie descriptions" name="an admin user can update a movie" time="9.349"/>
  <testcase classname="allows creating movie descriptions" name="an admin user can delete a movie" time="9.713"/>
  <testcase classname="allows creating movie descriptions" name="an unauthenticated user can list movies" time="8.747"/>
  <testcase classname="allows creating movie descriptions" name="an authenticated, non-privileged user can list movies" time="9.95"/>
  <testcase classname="allows creating pricing components and assigning them to rooms, movies and screenings" name="a default per seat per screening price is defined to be 1500 HUF and is used in the calculation of the price of each seat" time="10.746"/>
  <testcase classname="allows creating pricing components and assigning them to rooms, movies and screenings" name="the admin user can change the default per seat per screening price" time="11.4"/>
  <testcase classname="allows creating pricing components and assigning them to rooms, movies and screenings" name="the admin user can create price component and assign it to a movie" time="12.088"/>
  <testcase classname="allows creating pricing components and assigning them to rooms, movies and screenings" name="the admin user can create price component and assign it to a room" time="12.243"/>
  <testcase classname="allows creating pricing components and assigning them to rooms, movies and screenings" name="the admin user can create price component and assign it to a screening" time="12.415"/>
  <testcase classname="allow creating, reading, updating and deleting rooms where the screenings will happen" name="an admin user can create and list rooms" time="9.091"/>
  <testcase classname="allow creating, reading, updating and deleting rooms where the screenings will happen" name="an admin user can update a room" time="9.41"/>
  <testcase classname="allow creating, reading, updating and deleting rooms where the screenings will happen" name="an admin user can delete a room" time="9.565"/>
  <testcase classname="allow creating, reading, updating and deleting rooms where the screenings will happen" name="an unauthenticated user can list rooms" time="9.613"/>
  <testcase classname="allow creating, reading, updating and deleting rooms where the screenings will happen" name="an authenticated, non-privileged user can list rooms" time="9.363"/>
  <testcase classname="allows creating, deleting and listing screenings" name="The admin user can create and query screenings" time="10.526"/>
  <testcase classname="allows creating, deleting and listing screenings" name="The admin can not create overlapping screenings in the same room" time="10.543"/>
  <testcase classname="allows creating, deleting and listing screenings" name="The admin can create overlapping screenings in different rooms" time="10.695"/>
  <testcase classname="allows creating, deleting and listing screenings" name="The admin can not create screenings during a 10 minute long breaks after another screening in the same room" time="10.648"/>
  <testcase classname="allows creating, deleting and listing screenings" name="The admin can create screenings even if there is a break after a screening in a different room" time="11.232"/>
  <testcase classname="allows creating, deleting and listing screenings" name="The admin user can delete screenings" time="11.059"/>
</testsuite>