<?xml version="1.0" encoding="UTF-8" ?>
<testsuite tests="30" failures="4" name="com.training.epam.ticketservice.at.TestExecutor" time="357.42" errors="0" skipped="0">
  <properties>
[...]
</properties>
  <testcase classname="allow creating accounts and logging in" name="the admin account exists by default and can be logged in with the correct password" time="9.601"/>
  <testcase classname="allow creating accounts and logging in" name="the admin account can be signed out" time="11.213"/>
  <testcase classname="allow creating accounts and logging in" name="the admin account can not be logged in with incorrect password" time="10.549"/>
  <testcase classname="allow creating accounts and logging in" name="non-privileged accounts can be created and logged in with the correct password" time="10.772">
    <failure message="
Expected: &quot;Signed in with account &apos;sanyi&apos;&quot;
     but: was &quot;Ticket service&gt;Ticket service&gt;Signed in with account &apos;sanyi&apos;&quot;" type="java.lang.AssertionError">java.lang.AssertionError: 
Expected: &quot;Signed in with account &apos;sanyi&apos;&quot;
     but: was &quot;Ticket service&gt;Ticket service&gt;Signed in with account &apos;sanyi&apos;&quot;
	at org.hamcrest.MatcherAssert.assertThat(MatcherAssert.java:20)
	at org.hamcrest.MatcherAssert.assertThat(MatcherAssert.java:8)
	at com.training.epam.ticketservice.at.GenericCliProcessStepDefs.theNextLineOfOutputContains(GenericCliProcessStepDefs.java:43)
	at ✽.the next line of the output is &quot;Signed in with account &apos;sanyi&apos;&quot;(file:///home/caesar/Documents/suli/Java/epam-deik-java-dev/final/ticket-service-acceptance-tests/src/test/resources/features/accounts.feature:32)
</failure>
  </testcase>
  <testcase classname="allow creating accounts and logging in" name="non-privileged accounts can not be logged in with the incorrect password" time="10.661"/>
  <testcase classname="allow creating accounts and logging in" name="non-privileged accounts can be signed out" time="10.204"/>
  <testcase classname="allows users to book tickets for screenings, and show booking history" name="an authenticated user can book a ticket for a screening" time="13.06"/>
  <testcase classname="allows users to book tickets for screenings, and show booking history" name="an authenticated user can not book a ticket if at least one of the seats is already taken" time="13.824"/>
  <testcase classname="allows users to book tickets for screenings, and show booking history" name="the price of the ticket in the history should not change if pricing changes after the booking" time="13.717"/>
  <testcase classname="allows creating movie descriptions" name="an admin user can create and list movies" time="11.021"/>
  <testcase classname="allows creating movie descriptions" name="an admin user can update a movie" time="11.174"/>
  <testcase classname="allows creating movie descriptions" name="an admin user can delete a movie" time="11.309">
    <failure message="
Expected: &quot;There are no movies at the moment&quot;
     but: was &quot;Ticket service&gt;Ticket service&gt;There are no movies at the moment&quot;" type="java.lang.AssertionError">java.lang.AssertionError: 
Expected: &quot;There are no movies at the moment&quot;
     but: was &quot;Ticket service&gt;Ticket service&gt;There are no movies at the moment&quot;
	at org.hamcrest.MatcherAssert.assertThat(MatcherAssert.java:20)
	at org.hamcrest.MatcherAssert.assertThat(MatcherAssert.java:8)
	at com.training.epam.ticketservice.at.GenericCliProcessStepDefs.theNextLineOfOutputContains(GenericCliProcessStepDefs.java:43)
	at ✽.the next line of the output is &quot;There are no movies at the moment&quot;(file:///home/caesar/Documents/suli/Java/epam-deik-java-dev/final/ticket-service-acceptance-tests/src/test/resources/features/movies.feature:27)
</failure>
  </testcase>
  <testcase classname="allows creating movie descriptions" name="an unauthenticated user can list movies" time="11.215"/>
  <testcase classname="allows creating movie descriptions" name="an authenticated, non-privileged user can list movies" time="11.953"/>
  <testcase classname="allows creating pricing components and assigning them to rooms, movies and screenings" name="a default per seat per screening price is defined to be 1500 HUF and is used in the calculation of the price of each seat" time="13.197"/>
  <testcase classname="allows creating pricing components and assigning them to rooms, movies and screenings" name="the admin user can change the default per seat per screening price" time="13.071"/>
  <testcase classname="allows creating pricing components and assigning them to rooms, movies and screenings" name="the admin user can create price component and assign it to a movie" time="14.017"/>
  <testcase classname="allows creating pricing components and assigning them to rooms, movies and screenings" name="the admin user can create price component and assign it to a room" time="13.538"/>
  <testcase classname="allows creating pricing components and assigning them to rooms, movies and screenings" name="the admin user can create price component and assign it to a screening" time="14.378"/>
  <testcase classname="allow creating, reading, updating and deleting rooms where the screenings will happen" name="an admin user can create and list rooms" time="10.757"/>
  <testcase classname="allow creating, reading, updating and deleting rooms where the screenings will happen" name="an admin user can update a room" time="10.637">
    <failure message="
Expected: &quot;Room Pedersoli with 100 seats, 10 rows and 10 columns&quot;
     but: was &quot;Ticket service&gt;Ticket service&gt;Room Pedersoli with 100 seats, 10 rows and 10 columns&quot;" type="java.lang.AssertionError">java.lang.AssertionError: 
Expected: &quot;Room Pedersoli with 100 seats, 10 rows and 10 columns&quot;
     but: was &quot;Ticket service&gt;Ticket service&gt;Room Pedersoli with 100 seats, 10 rows and 10 columns&quot;
	at org.hamcrest.MatcherAssert.assertThat(MatcherAssert.java:20)
	at org.hamcrest.MatcherAssert.assertThat(MatcherAssert.java:8)
	at com.training.epam.ticketservice.at.GenericCliProcessStepDefs.theNextLineOfOutputContains(GenericCliProcessStepDefs.java:43)
	at ✽.the next line of the output is &quot;Room Pedersoli with 100 seats, 10 rows and 10 columns&quot;(file:///home/caesar/Documents/suli/Java/epam-deik-java-dev/final/ticket-service-acceptance-tests/src/test/resources/features/rooms.feature:20)
</failure>
  </testcase>
  <testcase classname="allow creating, reading, updating and deleting rooms where the screenings will happen" name="an admin user can delete a room" time="10.851">
    <failure message="
Expected: &quot;There are no rooms at the moment&quot;
     but: was &quot;Ticket service&gt;Ticket service&gt;There are no rooms at the moment&quot;" type="java.lang.AssertionError">java.lang.AssertionError: 
Expected: &quot;There are no rooms at the moment&quot;
     but: was &quot;Ticket service&gt;Ticket service&gt;There are no rooms at the moment&quot;
	at org.hamcrest.MatcherAssert.assertThat(MatcherAssert.java:20)
	at org.hamcrest.MatcherAssert.assertThat(MatcherAssert.java:8)
	at com.training.epam.ticketservice.at.GenericCliProcessStepDefs.theNextLineOfOutputContains(GenericCliProcessStepDefs.java:43)
	at ✽.the next line of the output is &quot;There are no rooms at the moment&quot;(file:///home/caesar/Documents/suli/Java/epam-deik-java-dev/final/ticket-service-acceptance-tests/src/test/resources/features/rooms.feature:28)
</failure>
  </testcase>
  <testcase classname="allow creating, reading, updating and deleting rooms where the screenings will happen" name="an unauthenticated user can list rooms" time="11.619"/>
  <testcase classname="allow creating, reading, updating and deleting rooms where the screenings will happen" name="an authenticated, non-privileged user can list rooms" time="11.733"/>
  <testcase classname="allows creating, deleting and listing screenings" name="The admin user can create and query screenings" time="12.011"/>
  <testcase classname="allows creating, deleting and listing screenings" name="The admin can not create overlapping screenings in the same room" time="12.63"/>
  <testcase classname="allows creating, deleting and listing screenings" name="The admin can create overlapping screenings in different rooms" time="11.811"/>
  <testcase classname="allows creating, deleting and listing screenings" name="The admin can not create screenings during a 10 minute long breaks after another screening in the same room" time="12.056"/>
  <testcase classname="allows creating, deleting and listing screenings" name="The admin can create screenings even if there is a break after a screening in a different room" time="12.605"/>
  <testcase classname="allows creating, deleting and listing screenings" name="The admin user can delete screenings" time="12.236"/>
</testsuite>